Loaded map: NSIDE_in=2048, ORDERING=RING, NPIX=50331648
Using NSIDE=256 (pixel degrade).
Using LMAX=96
Harmonic backend OK? True
Mask loaded; masked fraction=0.000
Observed statistics:
     hemi_asym = 0.0355405
   parity_lowL = 0.161326
           S12 = 4.65624e-24
      QO_align = 0.766849
     ring_scan = 6.2492e-05
Running 1000 surrogate skies under 'lcdm' model (mask matched, reduced=False)...
Nominal (uncorrected) p-values:
     hemi_asym : p = 0.7772
   parity_lowL : p = 0.4296
           S12 : p = 0.8901
      QO_align : p = 0.2627
     ring_scan : p = 0.000999
FDR(BH) alpha=0.05 threshold=0.01
FDR(BY) alpha=0.05 threshold=0.00438
Holm-FWER alpha=0.05 rejections: 1/5

========================================================================
VÉGSŐ VERDIKT:
TÁMOGATÓ EREDMÉNY: 1 teszt (ring_scan) BH-FDR után is szignifikáns a Gauss–ΛCDM referenciahoz képest.
========================================================================
