Loaded map: NSIDE_in=2048, ORDERING=RING, NPIX=50331648
Using NSIDE=256 (pixel degrade).
Using LMAX=384
Harmonic backend OK? True
Mask loaded; masked fraction=0.016
Observed statistics:
     hemi_asym = 0.0330713
   parity_lowL = 0.129013
           S12 = 4.27562e-24
      QO_align = 0.741474
     ring_scan = 7.48605e-05
Dipole modulation: A=0.05, axis (theta,phi)=(120.00°, 180.00°)
Running 1000 surrogate skies under 'dipole' model (mask matched, reduced=False)...
Nominal (uncorrected) p-values:
     hemi_asym : p = 1
   parity_lowL : p = 0.4775
           S12 : p = 0.9151
      QO_align : p = 0.2757
     ring_scan : p = 0.000999
FDR(BH) alpha=0.05 threshold=0.01
FDR(BY) alpha=0.05 threshold=0.00438
Holm-FWER alpha=0.05 rejections: 1/5

========================================================================
VÉGSŐ VERDIKT:
TÁMOGATÓ EREDMÉNY: 1 teszt (ring_scan) BH-FDR után is szignifikáns a dipólus-modulált referenciahoz képest.
========================================================================
