Loaded map: NSIDE_in=2048, ORDERING=RING, NPIX=50331648
Using NSIDE=256 (pixel degrade).
Using LMAX=384
Harmonic backend OK? True
Mask loaded; masked fraction=0.016
Observed statistics:
     hemi_asym = 0.16288
   parity_lowL = 0.148377
           S12 = 5.36604e-24
      QO_align = 0.54671
     ring_scan = 0.00023135
Running 1000 surrogate skies under 'lcdm' model (mask matched, reduced=False)...
Nominal (uncorrected) p-values:
     hemi_asym : p = 0.000999
   parity_lowL : p = 0.3976
           S12 : p = 0.9031
      QO_align : p = 0.4505
     ring_scan : p = 0.000999
FDR(BH) alpha=0.05 threshold=0.02
FDR(BY) alpha=0.05 threshold=0.008759
Holm-FWER alpha=0.05 rejections: 2/5

========================================================================
VÉGSŐ VERDIKT:
TÁMOGATÓ EREDMÉNY: 2 teszt (hemi_asym, ring_scan) BH-FDR után is szignifikáns a Gauss–ΛCDM referenciahoz képest.
========================================================================
